<?xml version="1.0" encoding="UTF-8"?>
<testsuite xmlns:xsi="http://www.w3.org/2001/XMLSchema-instance" xsi:noNamespaceSchemaLocation="https://maven.apache.org/surefire/maven-surefire-plugin/xsd/surefire-test-report.xsd" name="io.quarkus.workshop.superheroes.hero.HeroResourceTest" time="13.485" tests="13" errors="0" skipped="0" failures="0">
  <properties>
[...]
</properties>
  <testcase name="shouldGetInitialItems" classname="io.quarkus.workshop.superheroes.hero.HeroResourceTest" time="1.586"/>
  <testcase name="shouldAddAnItem" classname="io.quarkus.workshop.superheroes.hero.HeroResourceTest" time="0.684"/>
  <testcase name="shouldUpdateAnItem" classname="io.quarkus.workshop.superheroes.hero.HeroResourceTest" time="0.147"/>
  <testcase name="shouldRemoveAnItem" classname="io.quarkus.workshop.superheroes.hero.HeroResourceTest" time="0.107"/>
  <testcase name="shouldPingSwaggerUI" classname="io.quarkus.workshop.superheroes.hero.HeroResourceTest" time="0.031"/>
  <testcase name="shouldPingMetrics" classname="io.quarkus.workshop.superheroes.hero.HeroResourceTest" time="0.062"/>
  <testcase name="shouldGetRandomHero" classname="io.quarkus.workshop.superheroes.hero.HeroResourceTest" time="0.022"/>
  <testcase name="shouldPingReadiness" classname="io.quarkus.workshop.superheroes.hero.HeroResourceTest" time="0.058"/>
  <testcase name="shouldNotAddInvalidItem" classname="io.quarkus.workshop.superheroes.hero.HeroResourceTest" time="0.031"/>
  <testcase name="shouldPingLiveness" classname="io.quarkus.workshop.superheroes.hero.HeroResourceTest" time="0.028"/>
  <testcase name="shouldNotGetUnknownHero" classname="io.quarkus.workshop.superheroes.hero.HeroResourceTest" time="0.021"/>
  <testcase name="testHelloEndpoint" classname="io.quarkus.workshop.superheroes.hero.HeroResourceTest" time="0.031"/>
  <testcase name="shouldPingOpenAPI" classname="io.quarkus.workshop.superheroes.hero.HeroResourceTest" time="0.08"/>
</testsuite>